Info: Nothing to build for TP-N1
14:40:46 **** Incremental Build of configuration Debug for project TP-N1 ****
Info: Internal Builder is used for build
gcc -O0 -g3 -Wall -c -fmessage-length=0 -o "src\\UTN.o" "..\\src\\UTN.c" 
gcc -o TP-N1.exe "src\\TP-N1.o" "src\\UTN.o" "src\\calculos.o" 
15:07:38 **** Incremental Build of configuration Debug for project TP-N1 ****
Info: Internal Builder is used for build
gcc -O0 -g3 -Wall -c -fmessage-length=0 -o "src\\TP-N1.o" "..\\src\\TP-N1.c" 
gcc -O0 -g3 -Wall -c -fmessage-length=0 -o "src\\UTN.o" "..\\src\\UTN.c" 
gcc -o TP-N1.exe "src\\TP-N1.o" "src\\UTN.o" "src\\calculos.o" 
Info: Nothing to build for TP-N1
Info: Nothing to build for TP-N1
13:32:20 **** Incremental Build of configuration Debug for project TP-N1 ****
Info: Internal Builder is used for build
gcc -O0 -g3 -Wall -c -fmessage-length=0 -o "src\\UTN.o" "..\\src\\UTN.c" 
gcc -o TP-N1.exe "src\\TP-N1.o" "src\\UTN.o" "src\\calculos.o" 
Info: Nothing to build for TP-N1
13:33:27 **** Incremental Build of configuration Debug for project TP-N1 ****
Info: Internal Builder is used for build
gcc -O0 -g3 -Wall -c -fmessage-length=0 -o "src\\UTN.o" "..\\src\\UTN.c" 
gcc -o TP-N1.exe "src\\TP-N1.o" "src\\UTN.o" "src\\calculos.o" 
Info: Nothing to build for TP-N1
13:34:14 **** Incremental Build of configuration Debug for project TP-N1 ****
Info: Internal Builder is used for build
gcc -O0 -g3 -Wall -c -fmessage-length=0 -o "src\\UTN.o" "..\\src\\UTN.c" 
gcc -o TP-N1.exe "src\\TP-N1.o" "src\\UTN.o" "src\\calculos.o" 
Info: Nothing to build for TP-N1
13:35:45 **** Incremental Build of configuration Debug for project TP-N1 ****
Info: Internal Builder is used for build
gcc -O0 -g3 -Wall -c -fmessage-length=0 -o "src\\UTN.o" "..\\src\\UTN.c" 
gcc -o TP-N1.exe "src\\TP-N1.o" "src\\UTN.o" "src\\calculos.o" 
Info: Nothing to build for TP-N1
13:38:05 **** Incremental Build of configuration Debug for project TP-N1 ****
Info: Internal Builder is used for build
gcc -O0 -g3 -Wall -c -fmessage-length=0 -o "src\\TP-N1.o" "..\\src\\TP-N1.c" 
gcc -o TP-N1.exe "src\\TP-N1.o" "src\\UTN.o" "src\\calculos.o" 
13:38:25 **** Incremental Build of configuration Debug for project TP-N1 ****
Info: Internal Builder is used for build
gcc -O0 -g3 -Wall -c -fmessage-length=0 -o "src\\TP-N1.o" "..\\src\\TP-N1.c" 
gcc -o TP-N1.exe "src\\TP-N1.o" "src\\UTN.o" "src\\calculos.o" 
Info: Nothing to build for TP-N1
13:38:57 **** Incremental Build of configuration Debug for project TP-N1 ****
Info: Internal Builder is used for build
gcc -O0 -g3 -Wall -c -fmessage-length=0 -o "src\\TP-N1.o" "..\\src\\TP-N1.c" 
gcc -o TP-N1.exe "src\\TP-N1.o" "src\\UTN.o" "src\\calculos.o" 
Info: Nothing to build for TP-N1
13:39:24 **** Incremental Build of configuration Debug for project TP-N1 ****
Info: Internal Builder is used for build
gcc -O0 -g3 -Wall -c -fmessage-length=0 -o "src\\TP-N1.o" "..\\src\\TP-N1.c" 
gcc -o TP-N1.exe "src\\TP-N1.o" "src\\UTN.o" "src\\calculos.o" 
Info: Nothing to build for TP-N1
Info: Nothing to build for TP-N1
